{
  "RSpec": {
    "coverage": {
      "/Users/lostboy/Projects/member-device-manager/app/controllers/application_controller.rb": [
        1,
        1,
        null,
        1,
        null,
        1,
        1,
        null,
        null,
        null,
        1,
        0,
        null,
        null
      ],
      "/Users/lostboy/Projects/member-device-manager/app/helpers/application_helper.rb": [
        1,
        null
      ],
      "/Users/lostboy/Projects/member-device-manager/app/models/admin_user.rb": [
        1,
        1,
        null,
        1,
        null,
        1,
        null,
        1,
        null,
        1,
        null,
        1,
        0,
        0,
        null,
        0,
        null,
        null,
        null
      ],
      "/Users/lostboy/Projects/member-device-manager/app/models/devices.rb": [
        1,
        1,
        2,
        null,
        null
      ],
      "/Users/lostboy/Projects/member-device-manager/app/models/devices/device.rb": [
        1,
        1,
        null,
        1,
        null,
        null,
        null,
        null,
        null,
        1,
        1,
        null,
        1,
        1,
        1,
        null,
        1,
        null,
        1,
        1,
        1,
        null,
        null,
        1,
        1,
        1,
        null,
        null,
        null,
        null,
        null,
        null,
        1,
        23,
        23,
        3,
        20,
        3,
        null,
        17,
        null,
        null,
        null,
        null,
        null,
        1,
        129,
        null,
        null,
        22,
        22,
        null,
        22,
        4,
        null,
        18,
        null,
        null,
        null,
        66,
        22,
        null,
        null
      ],
      "/Users/lostboy/Projects/member-device-manager/app/validators/mac_address_validator.rb": [
        1,
        1,
        2,
        24,
        null,
        null
      ],
      "/Users/lostboy/Projects/member-device-manager/app/models/devices/type.rb": [
        1,
        1,
        null,
        1,
        null,
        1,
        1,
        null
      ],
      "/Users/lostboy/Projects/member-device-manager/app/models/member.rb": [
        1,
        1,
        null,
        1,
        null,
        null,
        null,
        null,
        null,
        null,
        null,
        null,
        null,
        null,
        null,
        1,
        null,
        1,
        null,
        1,
        null,
        1,
        null,
        1,
        1,
        null,
        1,
        3,
        null,
        null,
        1,
        1,
        null,
        null,
        1,
        null,
        null,
        null,
        null,
        null,
        null,
        null,
        1,
        null,
        null,
        1,
        null,
        null,
        6,
        4,
        2,
        2,
        2,
        null,
        null,
        2,
        null,
        null,
        6,
        3,
        null,
        null,
        null,
        1,
        15,
        null,
        null,
        7,
        7,
        null,
        7,
        2,
        null,
        5,
        null,
        null,
        null,
        42,
        7,
        null,
        null
      ],
      "/Users/lostboy/Projects/member-device-manager/app/validators/email_validator.rb": [
        1,
        1,
        3,
        58,
        null,
        null
      ],
      "/Users/lostboy/Projects/member-device-manager/app/models/membership.rb": [
        1,
        1,
        1,
        null,
        null
      ],
      "/Users/lostboy/Projects/member-device-manager/app/models/membership/level.rb": [
        1,
        1,
        null,
        1,
        null,
        1,
        1,
        null,
        null
      ],
      "/Users/lostboy/Projects/member-device-manager/app/controllers/devices/types_controller.rb": [
        1,
        1,
        null,
        1,
        2,
        2,
        null,
        null,
        null
      ],
      "/Users/lostboy/Projects/member-device-manager/app/controllers/members_controller.rb": [
        1,
        1,
        null,
        1,
        null,
        1,
        2,
        2,
        null,
        null,
        1,
        2,
        2,
        null,
        null,
        1,
        3,
        null,
        3,
        2,
        null,
        1,
        null,
        null,
        null,
        1,
        1,
        null,
        null,
        3,
        null,
        null,
        null,
        null,
        null,
        null,
        null
      ],
      "/Users/lostboy/Projects/member-device-manager/app/controllers/concerns/angular_bootstrapper.rb": [
        1,
        1,
        null,
        1,
        1,
        9,
        null,
        null,
        null,
        null
      ],
      "/Users/lostboy/Projects/member-device-manager/app/models/nexudus/import/billing/tariff_client.rb": [
        1,
        1,
        1,
        1,
        null,
        null
      ],
      "/Users/lostboy/Projects/member-device-manager/app/models/nexudus/import/client.rb": [
        1,
        1,
        null,
        1,
        1,
        1,
        1,
        null,
        1,
        5,
        null,
        null,
        null,
        null,
        null,
        null,
        null,
        1,
        1,
        null,
        null
      ],
      "/Users/lostboy/Projects/member-device-manager/app/models/nexudus/import/billing/tariff.rb": [
        1,
        1,
        1,
        null,
        null,
        null,
        1,
        3,
        1,
        null,
        null,
        null,
        null,
        null,
        1,
        null,
        null,
        null,
        2,
        null,
        null,
        null,
        3,
        null,
        null,
        1,
        null,
        null,
        1,
        6,
        6,
        6,
        6,
        6,
        6,
        null,
        null
      ],
      "/Users/lostboy/Projects/member-device-manager/app/models/nexudus/import/resource.rb": [
        1,
        1,
        null,
        1,
        null,
        1,
        null,
        1,
        null,
        6,
        null,
        12,
        null,
        null,
        12,
        12,
        null,
        null,
        12,
        12,
        null,
        null,
        12,
        null,
        null,
        12,
        null,
        null,
        null,
        null,
        1,
        0,
        null,
        null
      ],
      "/Users/lostboy/Projects/member-device-manager/app/models/nexudus/import/spaces/coworker_client.rb": [
        1,
        1,
        1,
        1,
        null,
        null
      ],
      "/Users/lostboy/Projects/member-device-manager/app/models/nexudus/import/spaces/coworker.rb": [
        1,
        1,
        1,
        null,
        null,
        null,
        1,
        3,
        1,
        null,
        null,
        null,
        null,
        null,
        1,
        null,
        null,
        null,
        2,
        null,
        null,
        null,
        3,
        null,
        null,
        1,
        null,
        null,
        1,
        null,
        6,
        null,
        null,
        null,
        null,
        6,
        6,
        6,
        null,
        6,
        6,
        6,
        6,
        6,
        6,
        6,
        6,
        6,
        null,
        6,
        6,
        6,
        null,
        null
      ],
      "/Users/lostboy/Projects/member-device-manager/app/models/router.rb": [
        1,
        null,
        1,
        1,
        null,
        null,
        null,
        null,
        null,
        null,
        1,
        null,
        null,
        null,
        null,
        null,
        null,
        null,
        null,
        null,
        null,
        null,
        null,
        1,
        32,
        32,
        32,
        32,
        null,
        null,
        1,
        17,
        null,
        null,
        null,
        null,
        null,
        null,
        null,
        null,
        null,
        17,
        null,
        null,
        1,
        17,
        17,
        null,
        null,
        1,
        17,
        17,
        null,
        null,
        1,
        3,
        3,
        null,
        null,
        1,
        3,
        3,
        null,
        null,
        1,
        20,
        0,
        0,
        null,
        null,
        null,
        null,
        null,
        1,
        null,
        210,
        null,
        null,
        210,
        null,
        null,
        191,
        45,
        45,
        45,
        null,
        null,
        null,
        null,
        45,
        146,
        146,
        24,
        null,
        146,
        null,
        null,
        null,
        191,
        null,
        null
      ]
    },
    "timestamp": 1435898680
  }
}
