{
  "RSpec": {
    "coverage": {
      "/Users/lostboy/Projects/member-device-manager/app/controllers/application_controller.rb": [
        1,
        1,
        null,
        1,
        null,
        1,
        0,
        null,
        null,
        null,
        1,
        0,
        null,
        null
      ],
      "/Users/lostboy/Projects/member-device-manager/app/helpers/application_helper.rb": [
        1,
        null
      ],
      "/Users/lostboy/Projects/member-device-manager/app/models/admin_user.rb": [
        1,
        1,
        null,
        1,
        null,
        1,
        null,
        1,
        null,
        1,
        null,
        1,
        0,
        0,
        null,
        0,
        null,
        null,
        null
      ],
      "/Users/lostboy/Projects/member-device-manager/app/models/devices.rb": [
        1,
        1,
        0,
        null,
        null
      ],
      "/Users/lostboy/Projects/member-device-manager/app/models/devices/device.rb": [
        1,
        1,
        null,
        1,
        null,
        null,
        null,
        null,
        null,
        1,
        1,
        null,
        1,
        1,
        1,
        null,
        1,
        null,
        1,
        0,
        0,
        null,
        null,
        1,
        0,
        0,
        null,
        null,
        null,
        null,
        null,
        null,
        1,
        0,
        0,
        0,
        0,
        0,
        null,
        0,
        null,
        null,
        null,
        null,
        null,
        1,
        0,
        null,
        null,
        0,
        0,
        null,
        0,
        0,
        null,
        0,
        null,
        null,
        null,
        0,
        0,
        null,
        null
      ],
      "/Users/lostboy/Projects/member-device-manager/app/validators/mac_address_validator.rb": [
        1,
        1,
        0,
        0,
        null,
        null
      ],
      "/Users/lostboy/Projects/member-device-manager/app/models/devices/type.rb": [
        1,
        1,
        null,
        1,
        null,
        1,
        1,
        null
      ],
      "/Users/lostboy/Projects/member-device-manager/app/models/member.rb": [
        1,
        1,
        null,
        1,
        null,
        null,
        null,
        null,
        null,
        null,
        null,
        null,
        null,
        null,
        null,
        1,
        null,
        1,
        null,
        1,
        null,
        1,
        null,
        1,
        1,
        null,
        1,
        0,
        null,
        null,
        1,
        0,
        null,
        null,
        1,
        null,
        null,
        null,
        null,
        null,
        null,
        null,
        0,
        null,
        null,
        1,
        null,
        null,
        0,
        0,
        0,
        0,
        0,
        null,
        null,
        0,
        null,
        null,
        0,
        0,
        null,
        null,
        null,
        1,
        0,
        null,
        null,
        0,
        0,
        null,
        0,
        0,
        null,
        0,
        null,
        null,
        null,
        0,
        0,
        null,
        null
      ],
      "/Users/lostboy/Projects/member-device-manager/app/validators/email_validator.rb": [
        1,
        1,
        0,
        0,
        null,
        null
      ],
      "/Users/lostboy/Projects/member-device-manager/app/models/membership.rb": [
        1,
        1,
        0,
        null,
        null
      ],
      "/Users/lostboy/Projects/member-device-manager/app/models/membership/level.rb": [
        1,
        1,
        null,
        1,
        null,
        1,
        0,
        null,
        null
      ]
    },
    "timestamp": 1436501674
  }
}
